<?xml version="1.0" encoding="UTF-8"?>
<!-- Generated by org.testng.reporters.JUnitReportReporter -->
<testsuite skipped="0" hostname="IMSNASDTO00382" name="com.cases.userpreference.AddingFileFavoriteFunctionality" tests="1" failures="0" timestamp="19 Jun 2023 05:31:57 GMT" time="50.994" errors="0">
  <testcase name="basePageNavigation" time="50.994" classname="com.cases.userpreference.AddingFileFavoriteFunctionality"/>
</testsuite> <!-- com.cases.userpreference.AddingFileFavoriteFunctionality -->
