<?xml version="1.0" encoding="UTF-8"?>
<!-- Generated by org.testng.reporters.JUnitReportReporter -->
<testsuite skipped="0" hostname="IMSNASDTO00382" name="com.cases.userProfile.ChangePassword" tests="1" failures="0" timestamp="19 Jun 2023 05:31:57 GMT" time="43.665" errors="0">
  <testcase name="ChangePasswordFunctionality" time="43.665" classname="com.cases.userProfile.ChangePassword"/>
</testsuite> <!-- com.cases.userProfile.ChangePassword -->
