<?xml version="1.0" encoding="UTF-8"?>
<!-- Generated by org.testng.reporters.JUnitReportReporter -->
<testsuite skipped="0" hostname="IMSNASDTO00382" name="com.cases.userProfile.ForgotPassword_test" tests="1" failures="0" timestamp="19 Jun 2023 05:31:57 GMT" time="6.879" errors="0">
  <testcase name="forget_password" time="6.879" classname="com.cases.userProfile.ForgotPassword_test"/>
</testsuite> <!-- com.cases.userProfile.ForgotPassword_test -->
