<?xml version="1.0" encoding="UTF-8"?>
<!-- Generated by org.testng.reporters.JUnitReportReporter -->
<testsuite skipped="0" hostname="IMSNASDTO00382" name="com.cases.userProfile.EditAccountFunctionality_test" tests="1" failures="0" timestamp="19 Jun 2023 05:31:57 GMT" time="17.376" errors="0">
  <testcase name="EditAccountFunctionality" time="17.376" classname="com.cases.userProfile.EditAccountFunctionality_test"/>
</testsuite> <!-- com.cases.userProfile.EditAccountFunctionality_test -->
