<?xml version="1.0" encoding="UTF-8"?>
<!-- Generated by org.testng.reporters.JUnitReportReporter -->
<testsuite skipped="0" hostname="IMSNASDTO00382" name="com.cases.userpreference.ViewingFavoriteListFunctionality" tests="1" failures="0" timestamp="19 Jun 2023 05:31:57 GMT" time="11.017" errors="0">
  <testcase name="basePageNavigation" time="11.017" classname="com.cases.userpreference.ViewingFavoriteListFunctionality"/>
</testsuite> <!-- com.cases.userpreference.ViewingFavoriteListFunctionality -->
