<?xml version="1.0" encoding="UTF-8"?>
<!-- Generated by org.testng.reporters.JUnitReportReporter -->
<testsuite skipped="0" hostname="IMSNASDTO00382" name="com.cases.dmsdocumentupload.DMSFeatureDocumentUpload" tests="1" failures="0" timestamp="19 Jun 2023 05:31:57 GMT" time="74.355" errors="0">
  <testcase name="DMSFeatureDocumentUploadNavigation" time="74.355" classname="com.cases.dmsdocumentupload.DMSFeatureDocumentUpload"/>
</testsuite> <!-- com.cases.dmsdocumentupload.DMSFeatureDocumentUpload -->
